0 info it worked if it ends with ok
1 verbose cli [ '/home/ceyhun/programs/node/node-v6.11.2-linux-x64/bin/node',
1 verbose cli   '/home/ceyhun/programs/node/node-v6.11.2-linux-x64/bin/npm',
1 verbose cli   'run',
1 verbose cli   'dev' ]
2 info using npm@3.10.10
3 info using node@v6.11.2
4 verbose stack Error: ENOENT: no such file or directory, open '/home/ceyhun/projects/lab/octopus/package.json'
4 verbose stack     at Error (native)
5 verbose cwd /home/ceyhun/projects/lab/octopus
6 error Linux 4.15.5-041505-generic
7 error argv "/home/ceyhun/programs/node/node-v6.11.2-linux-x64/bin/node" "/home/ceyhun/programs/node/node-v6.11.2-linux-x64/bin/npm" "run" "dev"
8 error node v6.11.2
9 error npm  v3.10.10
10 error path /home/ceyhun/projects/lab/octopus/package.json
11 error code ENOENT
12 error errno -2
13 error syscall open
14 error enoent ENOENT: no such file or directory, open '/home/ceyhun/projects/lab/octopus/package.json'
15 error enoent ENOENT: no such file or directory, open '/home/ceyhun/projects/lab/octopus/package.json'
15 error enoent This is most likely not a problem with npm itself
15 error enoent and is related to npm not being able to find a file.
16 verbose exit [ -2, true ]
